# JRE version: Java(TM) SE Runtime Environment (8.0_45-b14) (build 1.8.0_45-b14)
# Java VM: Java HotSpot(TM) 64-Bit Server VM (25.45-b02 mixed mode linux-amd64 compressed oops)
Heap:
 PSYoungGen      total 36352K, used 20260K [0x00000000d7000000, 0x00000000da580000, 0x0000000100000000)
  eden space 31232K, 48% used [0x00000000d7000000,0x00000000d7ed0da8,0x00000000d8e80000)
  from space 5120K, 99% used [0x00000000d8f00000,0x00000000d93f83f0,0x00000000d9400000)
  to   space 11776K, 0% used [0x00000000d9a00000,0x00000000d9a00000,0x00000000da580000)
 ParOldGen       total 84992K, used 28057K [0x0000000085000000, 0x000000008a300000, 0x00000000d7000000)
  object space 84992K, 33% used [0x0000000085000000,0x0000000086b66728,0x000000008a300000)
 Metaspace       used 18571K, capacity 18780K, committed 18944K, reserved 1067008K
  class space    used 2154K, capacity 2220K, committed 2304K, reserved 1048576K
GC Heap History (10 events):
Event: 6,106 GC heap before
{Heap before GC invocations=9 (full 4):
 PSYoungGen      total 36864K, used 31744K [0x00000000d7000000, 0x00000000d9900000, 0x0000000100000000)
  eden space 31744K, 100% used [0x00000000d7000000,0x00000000d8f00000,0x00000000d8f00000)
  from space 5120K, 0% used [0x00000000d9400000,0x00000000d9400000,0x00000000d9900000)
  to   space 5120K, 0% used [0x00000000d8f00000,0x00000000d8f00000,0x00000000d9400000)
 ParOldGen       total 84992K, used 15501K [0x0000000085000000, 0x000000008a300000, 0x00000000d7000000)
  object space 84992K, 18% used [0x0000000085000000,0x0000000085f23668,0x000000008a300000)
 Metaspace       used 13682K, capacity 13928K, committed 14336K, reserved 1062912K
  class space    used 1603K, capacity 1674K, committed 1792K, reserved 1048576K
Event: 6,111 GC heap after
Heap after GC invocations=9 (full 4):
 PSYoungGen      total 36864K, used 2944K [0x00000000d7000000, 0x00000000d9900000, 0x0000000100000000)
  eden space 31744K, 0% used [0x00000000d7000000,0x00000000d7000000,0x00000000d8f00000)
  from space 5120K, 57% used [0x00000000d8f00000,0x00000000d91e0000,0x00000000d9400000)
  to   space 5120K, 0% used [0x00000000d9400000,0x00000000d9400000,0x00000000d9900000)
 ParOldGen       total 84992K, used 15509K [0x0000000085000000, 0x000000008a300000, 0x00000000d7000000)
  object space 84992K, 18% used [0x0000000085000000,0x0000000085f25668,0x000000008a300000)
 Metaspace       used 13682K, capacity 13928K, committed 14336K, reserved 1062912K
  class space    used 1603K, capacity 1674K, committed 1792K, reserved 1048576K
}
Event: 359,036 GC heap before
{Heap before GC invocations=10 (full 4):
 PSYoungGen      total 36864K, used 34688K [0x00000000d7000000, 0x00000000d9900000, 0x0000000100000000)
  eden space 31744K, 100% used [0x00000000d7000000,0x00000000d8f00000,0x00000000d8f00000)
  from space 5120K, 57% used [0x00000000d8f00000,0x00000000d91e0000,0x00000000d9400000)
  to   space 5120K, 0% used [0x00000000d9400000,0x00000000d9400000,0x00000000d9900000)
 ParOldGen       total 84992K, used 15509K [0x0000000085000000, 0x000000008a300000, 0x00000000d7000000)
  object space 84992K, 18% used [0x0000000085000000,0x0000000085f25668,0x000000008a300000)
 Metaspace       used 18002K, capacity 18236K, committed 18432K, reserved 1064960K
  class space    used 2122K, capacity 2188K, committed 2304K, reserved 1048576K
Event: 359,043 GC heap after
Heap after GC invocations=10 (full 4):
 PSYoungGen      total 36864K, used 5088K [0x00000000d7000000, 0x00000000d9900000, 0x0000000100000000)
  eden space 31744K, 0% used [0x00000000d7000000,0x00000000d7000000,0x00000000d8f00000)
  from space 5120K, 99% used [0x00000000d9400000,0x00000000d98f82f0,0x00000000d9900000)
  to   space 5120K, 0% used [0x00000000d8f00000,0x00000000d8f00000,0x00000000d9400000)
 ParOldGen       total 84992K, used 18117K [0x0000000085000000, 0x000000008a300000, 0x00000000d7000000)
  object space 84992K, 21% used [0x0000000085000000,0x00000000861b16b8,0x000000008a300000)
 Metaspace       used 18002K, capacity 18236K, committed 18432K, reserved 1064960K
  class space    used 2122K, capacity 2188K, committed 2304K, reserved 1048576K
}
Event: 367,630 GC heap before
{Heap before GC invocations=11 (full 4):
 PSYoungGen      total 36864K, used 36832K [0x00000000d7000000, 0x00000000d9900000, 0x0000000100000000)
  eden space 31744K, 100% used [0x00000000d7000000,0x00000000d8f00000,0x00000000d8f00000)
  from space 5120K, 99% used [0x00000000d9400000,0x00000000d98f82f0,0x00000000d9900000)
  to   space 5120K, 0% used [0x00000000d8f00000,0x00000000d8f00000,0x00000000d9400000)
 ParOldGen       total 84992K, used 18117K [0x0000000085000000, 0x000000008a300000, 0x00000000d7000000)
  object space 84992K, 21% used [0x0000000085000000,0x00000000861b16b8,0x000000008a300000)
 Metaspace       used 18237K, capacity 18428K, committed 18688K, reserved 1064960K
  class space    used 2125K, capacity 2188K, committed 2304K, reserved 1048576K
Event: 367,639 GC heap after
Heap after GC invocations=11 (full 4):
 PSYoungGen      total 36864K, used 5104K [0x00000000d7000000, 0x00000000d9900000, 0x0000000100000000)
  eden space 31744K, 0% used [0x00000000d7000000,0x00000000d7000000,0x00000000d8f00000)
  from space 5120K, 99% used [0x00000000d8f00000,0x00000000d93fc3f0,0x00000000d9400000)
  to   space 5120K, 0% used [0x00000000d9400000,0x00000000d9400000,0x00000000d9900000)
 ParOldGen       total 84992K, used 22698K [0x0000000085000000, 0x000000008a300000, 0x00000000d7000000)
  object space 84992K, 26% used [0x0000000085000000,0x000000008662aa78,0x000000008a300000)
 Metaspace       used 18237K, capacity 18428K, committed 18688K, reserved 1064960K
  class space    used 2125K, capacity 2188K, committed 2304K, reserved 1048576K
}
Event: 387,605 GC heap before
{Heap before GC invocations=12 (full 4):
 PSYoungGen      total 36864K, used 36848K [0x00000000d7000000, 0x00000000d9900000, 0x0000000100000000)
  eden space 31744K, 100% used [0x00000000d7000000,0x00000000d8f00000,0x00000000d8f00000)
  from space 5120K, 99% used [0x00000000d8f00000,0x00000000d93fc3f0,0x00000000d9400000)
  to   space 5120K, 0% used [0x00000000d9400000,0x00000000d9400000,0x00000000d9900000)
 ParOldGen       total 84992K, used 22698K [0x0000000085000000, 0x000000008a300000, 0x00000000d7000000)
  object space 84992K, 26% used [0x0000000085000000,0x000000008662aa78,0x000000008a300000)
 Metaspace       used 18279K, capacity 18492K, committed 18688K, reserved 1064960K
  class space    used 2125K, capacity 2188K, committed 2304K, reserved 1048576K
Event: 387,610 GC heap after
Heap after GC invocations=12 (full 4):
 PSYoungGen      total 36864K, used 5104K [0x00000000d7000000, 0x00000000d9900000, 0x0000000100000000)
  eden space 31744K, 0% used [0x00000000d7000000,0x00000000d7000000,0x00000000d8f00000)
  from space 5120K, 99% used [0x00000000d9400000,0x00000000d98fc3f0,0x00000000d9900000)
  to   space 5120K, 0% used [0x00000000d8f00000,0x00000000d8f00000,0x00000000d9400000)
 ParOldGen       total 84992K, used 26679K [0x0000000085000000, 0x000000008a300000, 0x00000000d7000000)
  object space 84992K, 31% used [0x0000000085000000,0x0000000086a0dd28,0x000000008a300000)
 Metaspace       used 18279K, capacity 18492K, committed 18688K, reserved 1064960K
  class space    used 2125K, capacity 2188K, committed 2304K, reserved 1048576K
}
Event: 412,141 GC heap before
{Heap before GC invocations=13 (full 4):
 PSYoungGen      total 36864K, used 36848K [0x00000000d7000000, 0x00000000d9900000, 0x0000000100000000)
  eden space 31744K, 100% used [0x00000000d7000000,0x00000000d8f00000,0x00000000d8f00000)
  from space 5120K, 99% used [0x00000000d9400000,0x00000000d98fc3f0,0x00000000d9900000)
  to   space 5120K, 0% used [0x00000000d8f00000,0x00000000d8f00000,0x00000000d9400000)
 ParOldGen       total 84992K, used 26679K [0x0000000085000000, 0x000000008a300000, 0x00000000d7000000)
  object space 84992K, 31% used [0x0000000085000000,0x0000000086a0dd28,0x000000008a300000)
 Metaspace       used 18304K, capacity 18492K, committed 18688K, reserved 1064960K
  class space    used 2125K, capacity 2188K, committed 2304K, reserved 1048576K
Event: 412,146 GC heap after
Heap after GC invocations=13 (full 4):
 PSYoungGen      total 36352K, used 5088K [0x00000000d7000000, 0x00000000da580000, 0x0000000100000000)
  eden space 31232K, 0% used [0x00000000d7000000,0x00000000d7000000,0x00000000d8e80000)
  from space 5120K, 99% used [0x00000000d8f00000,0x00000000d93f83f0,0x00000000d9400000)
  to   space 11776K, 0% used [0x00000000d9a00000,0x00000000d9a00000,0x00000000da580000)
 ParOldGen       total 84992K, used 28057K [0x0000000085000000, 0x000000008a300000, 0x00000000d7000000)
  object space 84992K, 33% used [0x0000000085000000,0x0000000086b66728,0x000000008a300000)
 Metaspace       used 18304K, capacity 18492K, committed 18688K, reserved 1064960K
  class space    used 2125K, capacity 2188K, committed 2304K, reserved 1048576K
}

